<?xml version="1.0" encoding="UTF-8"?>
<testng-results skipped="0" failed="0" ignored="0" total="1" passed="1">
  <reporter-output>
  </reporter-output>
  <suite name="Suite" duration-ms="34284" started-at="2020-06-02T09:54:40Z" finished-at="2020-06-02T09:55:15Z">
    <groups>
    </groups>
    <test name="Test" duration-ms="34284" started-at="2020-06-02T09:54:40Z" finished-at="2020-06-02T09:55:15Z">
      <class name="COM.TestProject.FirstTest">
        <test-method status="PASS" signature="setup()[pri:0, instance:COM.TestProject.FirstTest@1626d54]" name="setup" is-config="true" duration-ms="16851" started-at="2020-06-02T09:54:40Z" finished-at="2020-06-02T09:54:57Z">
          <reporter-output>
          </reporter-output>
        </test-method> <!-- setup -->
        <test-method status="PASS" signature="FTest()[pri:0, instance:COM.TestProject.FirstTest@1626d54]" name="FTest" duration-ms="14763" started-at="2020-06-02T09:54:57Z" finished-at="2020-06-02T09:55:12Z">
          <reporter-output>
          </reporter-output>
        </test-method> <!-- FTest -->
        <test-method status="PASS" signature="teardown()[pri:0, instance:COM.TestProject.FirstTest@1626d54]" name="teardown" is-config="true" duration-ms="2096" started-at="2020-06-02T09:55:12Z" finished-at="2020-06-02T09:55:15Z">
          <reporter-output>
          </reporter-output>
        </test-method> <!-- teardown -->
      </class> <!-- COM.TestProject.FirstTest -->
    </test> <!-- Test -->
  </suite> <!-- Suite -->
</testng-results>
